<?xml version="1.0" encoding="UTF-8"?>
<!-- Generated by org.testng.reporters.JUnitReportReporter -->
<testsuite hostname="sharanabasappa" failures="0" tests="3" name="EcommerceApplication.Tests.SubmitOrderTest" time="35.388" errors="0" timestamp="2024-07-17T17:56:22 IST" skipped="0">
  <testcase classname="EcommerceApplication.Tests.SubmitOrderTest" name="submitOrder" time="15.400"/>
  <testcase classname="EcommerceApplication.Tests.SubmitOrderTest" name="OrderHistoryTest" time="8.843"/>
  <testcase classname="EcommerceApplication.Tests.SubmitOrderTest" name="submitOrder" time="11.145"/>
</testsuite> <!-- EcommerceApplication.Tests.SubmitOrderTest -->
