<?xml version="1.0" encoding="UTF-8"?>
<!-- Generated by org.testng.reporters.JUnitReportReporter -->
<testsuite hostname="sharanabasappa" failures="0" tests="1" name="Cucumber.TestNgTestRunner" time="26.011" errors="0" timestamp="2024-07-17T18:16:01 IST" skipped="0">
  <testcase classname="Cucumber.TestNgTestRunner" name="runScenario" time="26.011"/>
</testsuite> <!-- Cucumber.TestNgTestRunner -->
